# JRE version: Java(TM) SE Runtime Environment (8.0_121-b13) (build 1.8.0_121-b13)
# Java VM: Java HotSpot(TM) 64-Bit Server VM (25.121-b13 mixed mode linux-amd64 compressed oops)
Heap:
 PSYoungGen      total 119296K, used 9709K [0x00000000ebd80000, 0x00000000f4900000, 0x0000000100000000)
  eden space 109568K, 0% used [0x00000000ebd80000,0x00000000ebd80000,0x00000000f2880000)
  from space 9728K, 99% used [0x00000000f3600000,0x00000000f3f7b510,0x00000000f3f80000)
  to   space 6144K, 0% used [0x00000000f4300000,0x00000000f4300000,0x00000000f4900000)
 ParOldGen       total 37888K, used 12492K [0x00000000c3800000, 0x00000000c5d00000, 0x00000000ebd80000)
  object space 37888K, 32% used [0x00000000c3800000,0x00000000c44333f0,0x00000000c5d00000)
 Metaspace       used 33545K, capacity 34094K, committed 34560K, reserved 1079296K
  class space    used 4591K, capacity 4746K, committed 4864K, reserved 1048576K
GC Heap History (10 events):
Event: 2,320 GC heap after
Heap after GC invocations=3 (full 0):
 PSYoungGen      total 34304K, used 2544K [0x00000000ebd80000, 0x00000000f0080000, 0x0000000100000000)
  eden space 31744K, 0% used [0x00000000ebd80000,0x00000000ebd80000,0x00000000edc80000)
  from space 2560K, 99% used [0x00000000edc80000,0x00000000edefc050,0x00000000edf00000)
  to   space 2560K, 0% used [0x00000000efe00000,0x00000000efe00000,0x00000000f0080000)
 ParOldGen       total 42496K, used 3967K [0x00000000c3800000, 0x00000000c6180000, 0x00000000ebd80000)
  object space 42496K, 9% used [0x00000000c3800000,0x00000000c3bdfeb8,0x00000000c6180000)
 Metaspace       used 11122K, capacity 11408K, committed 11648K, reserved 1058816K
  class space    used 1537K, capacity 1608K, committed 1664K, reserved 1048576K
}
Event: 4,043 GC heap before
{Heap before GC invocations=4 (full 0):
 PSYoungGen      total 34304K, used 34288K [0x00000000ebd80000, 0x00000000f0080000, 0x0000000100000000)
  eden space 31744K, 100% used [0x00000000ebd80000,0x00000000edc80000,0x00000000edc80000)
  from space 2560K, 99% used [0x00000000edc80000,0x00000000edefc050,0x00000000edf00000)
  to   space 2560K, 0% used [0x00000000efe00000,0x00000000efe00000,0x00000000f0080000)
 ParOldGen       total 42496K, used 3967K [0x00000000c3800000, 0x00000000c6180000, 0x00000000ebd80000)
  object space 42496K, 9% used [0x00000000c3800000,0x00000000c3bdfeb8,0x00000000c6180000)
 Metaspace       used 16913K, capacity 17206K, committed 17280K, reserved 1064960K
  class space    used 2328K, capacity 2410K, committed 2432K, reserved 1048576K
Event: 4,069 GC heap after
Heap after GC invocations=4 (full 0):
 PSYoungGen      total 66048K, used 2544K [0x00000000ebd80000, 0x00000000f0080000, 0x0000000100000000)
  eden space 63488K, 0% used [0x00000000ebd80000,0x00000000ebd80000,0x00000000efb80000)
  from space 2560K, 99% used [0x00000000efe00000,0x00000000f007c030,0x00000000f0080000)
  to   space 2560K, 0% used [0x00000000efb80000,0x00000000efb80000,0x00000000efe00000)
 ParOldGen       total 42496K, used 9991K [0x00000000c3800000, 0x00000000c6180000, 0x00000000ebd80000)
  object space 42496K, 23% used [0x00000000c3800000,0x00000000c41c1f98,0x00000000c6180000)
 Metaspace       used 16913K, capacity 17206K, committed 17280K, reserved 1064960K
  class space    used 2328K, capacity 2410K, committed 2432K, reserved 1048576K
}
Event: 5,094 GC heap before
{Heap before GC invocations=5 (full 0):
 PSYoungGen      total 66048K, used 43994K [0x00000000ebd80000, 0x00000000f0080000, 0x0000000100000000)
  eden space 63488K, 65% used [0x00000000ebd80000,0x00000000ee5faaf8,0x00000000efb80000)
  from space 2560K, 99% used [0x00000000efe00000,0x00000000f007c030,0x00000000f0080000)
  to   space 2560K, 0% used [0x00000000efb80000,0x00000000efb80000,0x00000000efe00000)
 ParOldGen       total 42496K, used 9991K [0x00000000c3800000, 0x00000000c6180000, 0x00000000ebd80000)
  object space 42496K, 23% used [0x00000000c3800000,0x00000000c41c1f98,0x00000000c6180000)
 Metaspace       used 20820K, capacity 21060K, committed 21248K, reserved 1067008K
  class space    used 2873K, capacity 2965K, committed 3072K, reserved 1048576K
Event: 5,124 GC heap after
Heap after GC invocations=5 (full 0):
 PSYoungGen      total 66048K, used 2528K [0x00000000ebd80000, 0x00000000f4c80000, 0x0000000100000000)
  eden space 63488K, 0% used [0x00000000ebd80000,0x00000000ebd80000,0x00000000efb80000)
  from space 2560K, 98% used [0x00000000efb80000,0x00000000efdf8050,0x00000000efe00000)
  to   space 9728K, 0% used [0x00000000f4300000,0x00000000f4300000,0x00000000f4c80000)
 ParOldGen       total 42496K, used 14584K [0x00000000c3800000, 0x00000000c6180000, 0x00000000ebd80000)
  object space 42496K, 34% used [0x00000000c3800000,0x00000000c463e1f0,0x00000000c6180000)
 Metaspace       used 20820K, capacity 21060K, committed 21248K, reserved 1067008K
  class space    used 2873K, capacity 2965K, committed 3072K, reserved 1048576K
}
Event: 5,125 GC heap before
{Heap before GC invocations=6 (full 1):
 PSYoungGen      total 66048K, used 2528K [0x00000000ebd80000, 0x00000000f4c80000, 0x0000000100000000)
  eden space 63488K, 0% used [0x00000000ebd80000,0x00000000ebd80000,0x00000000efb80000)
  from space 2560K, 98% used [0x00000000efb80000,0x00000000efdf8050,0x00000000efe00000)
  to   space 9728K, 0% used [0x00000000f4300000,0x00000000f4300000,0x00000000f4c80000)
 ParOldGen       total 42496K, used 14584K [0x00000000c3800000, 0x00000000c6180000, 0x00000000ebd80000)
  object space 42496K, 34% used [0x00000000c3800000,0x00000000c463e1f0,0x00000000c6180000)
 Metaspace       used 20820K, capacity 21060K, committed 21248K, reserved 1067008K
  class space    used 2873K, capacity 2965K, committed 3072K, reserved 1048576K
Event: 5,194 GC heap after
Heap after GC invocations=6 (full 1):
 PSYoungGen      total 66048K, used 0K [0x00000000ebd80000, 0x00000000f4c80000, 0x0000000100000000)
  eden space 63488K, 0% used [0x00000000ebd80000,0x00000000ebd80000,0x00000000efb80000)
  from space 2560K, 0% used [0x00000000efb80000,0x00000000efb80000,0x00000000efe00000)
  to   space 9728K, 0% used [0x00000000f4300000,0x00000000f4300000,0x00000000f4c80000)
 ParOldGen       total 37888K, used 10124K [0x00000000c3800000, 0x00000000c5d00000, 0x00000000ebd80000)
  object space 37888K, 26% used [0x00000000c3800000,0x00000000c41e33e0,0x00000000c5d00000)
 Metaspace       used 20820K, capacity 21060K, committed 21248K, reserved 1067008K
  class space    used 2873K, capacity 2965K, committed 3072K, reserved 1048576K
}
Event: 6,564 GC heap before
{Heap before GC invocations=7 (full 1):
 PSYoungGen      total 66048K, used 63488K [0x00000000ebd80000, 0x00000000f4c80000, 0x0000000100000000)
  eden space 63488K, 100% used [0x00000000ebd80000,0x00000000efb80000,0x00000000efb80000)
  from space 2560K, 0% used [0x00000000efb80000,0x00000000efb80000,0x00000000efe00000)
  to   space 9728K, 0% used [0x00000000f4300000,0x00000000f4300000,0x00000000f4c80000)
 ParOldGen       total 37888K, used 10124K [0x00000000c3800000, 0x00000000c5d00000, 0x00000000ebd80000)
  object space 37888K, 26% used [0x00000000c3800000,0x00000000c41e33e0,0x00000000c5d00000)
 Metaspace       used 26368K, capacity 26846K, committed 27264K, reserved 1073152K
  class space    used 3689K, capacity 3867K, committed 3968K, reserved 1048576K
Event: 6,619 GC heap after
Heap after GC invocations=7 (full 1):
 PSYoungGen      total 115712K, used 6121K [0x00000000ebd80000, 0x00000000f4900000, 0x0000000100000000)
  eden space 109568K, 0% used [0x00000000ebd80000,0x00000000ebd80000,0x00000000f2880000)
  from space 6144K, 99% used [0x00000000f4300000,0x00000000f48fa578,0x00000000f4900000)
  to   space 9728K, 0% used [0x00000000f3600000,0x00000000f3600000,0x00000000f3f80000)
 ParOldGen       total 37888K, used 10196K [0x00000000c3800000, 0x00000000c5d00000, 0x00000000ebd80000)
  object space 37888K, 26% used [0x00000000c3800000,0x00000000c41f53f0,0x00000000c5d00000)
 Metaspace       used 26368K, capacity 26846K, committed 27264K, reserved 1073152K
  class space    used 3689K, capacity 3867K, committed 3968K, reserved 1048576K
}
Event: 11,339 GC heap before
{Heap before GC invocations=8 (full 1):
 PSYoungGen      total 115712K, used 115689K [0x00000000ebd80000, 0x00000000f4900000, 0x0000000100000000)
  eden space 109568K, 100% used [0x00000000ebd80000,0x00000000f2880000,0x00000000f2880000)
  from space 6144K, 99% used [0x00000000f4300000,0x00000000f48fa578,0x00000000f4900000)
  to   space 9728K, 0% used [0x00000000f3600000,0x00000000f3600000,0x00000000f3f80000)
 ParOldGen       total 37888K, used 10196K [0x00000000c3800000, 0x00000000c5d00000, 0x00000000ebd80000)
  object space 37888K, 26% used [0x00000000c3800000,0x00000000c41f53f0,0x00000000c5d00000)
 Metaspace       used 33545K, capacity 34094K, committed 34560K, reserved 1079296K
  class space    used 4591K, capacity 4746K, committed 4864K, reserved 1048576K

